wget: /scratch/unmirrored4/agong/blog_crawl_2012_01/logs/aletho-news.blogspot.com.log: Read-only file system
wget: /scratch/unmirrored4/agong/blog_crawl_2012_01/logs/publiushuldah.wordpress.com.log: Read-only file system
wget: /scratch/unmirrored4/agong/blog_crawl_2012_01/logs/www.collectionagencyblog.com.log: Read-only file system
wget: /scratch/unmirrored4/agong/blog_crawl_2012_01/logs/www.transadvocacy.org.log: Read-only file system
wget: /scratch/unmirrored4/agong/blog_crawl_2012_01/logs/fortwaynepolitics.com.log: Read-only file system
wget: /scratch/unmirrored4/agong/blog_crawl_2012_01/logs/armynow.blogspot.com.log: Read-only file system
wget: /scratch/unmirrored4/agong/blog_crawl_2012_01/logs/stoptheinvasionoforegon.files.wordpress.com.log: Read-only file system
wget: /scratch/unmirrored4/agong/blog_crawl_2012_01/logs/www.whitehousecorrespondentsweekendinsider.com.log: Read-only file system
wget: /scratch/unmirrored4/agong/blog_crawl_2012_01/logs/revmikek.blogspot.com..log: Read-only file system
wget: /scratch/unmirrored4/agong/blog_crawl_2012_01/logs/www.undertheiceberg.com.log: Read-only file system
wget: /scratch/unmirrored4/agong/blog_crawl_2012_01/logs/poedpatriot.blogspot.com.log: Read-only file system
wget: /scratch/unmirrored4/agong/blog_crawl_2012_01/logs/www.spinalcordresources.com.log: Read-only file system
wget: /scratch/unmirrored4/agong/blog_crawl_2012_01/logs/politicalvindication.com.log: Read-only file system
wget: /scratch/unmirrored4/agong/blog_crawl_2012_01/logs/www.beltwayonthejames.com.log: Read-only file system
wget: /scratch/unmirrored4/agong/blog_crawl_2012_01/logs/investment-fiduciary.com.log: Read-only file system
wget: /scratch/unmirrored4/agong/blog_crawl_2012_01/logs/www.charitygovernance.com.log: Read-only file system
wget: /scratch/unmirrored4/agong/blog_crawl_2012_01/logs/thehistoryscopersobamawatchblog.blogspot.com.log: Read-only file system
wget: /scratch/unmirrored4/agong/blog_crawl_2012_01/logs/www.papamiket.com.log: Read-only file system
wget: /scratch/unmirrored4/agong/blog_crawl_2012_01/logs/ugleyvicar.blogspot.com.log: Read-only file system
wget: /scratch/unmirrored4/agong/blog_crawl_2012_01/logs/waymad.blogspot.com.log: Read-only file system
wget: /scratch/unmirrored4/agong/blog_crawl_2012_01/logs/blog.libertyandprosperity.org.log: Read-only file system
wget: /scratch/unmirrored4/agong/blog_crawl_2012_01/logs/vitaminlawyerhealthfreedom.blogspot.com.log: Read-only file system
wget: /scratch/unmirrored4/agong/blog_crawl_2012_01/logs/www.dprogram.net.log: Read-only file system
wget: /scratch/unmirrored4/agong/blog_crawl_2012_01/logs/bigmedicine.ca.log: Read-only file system
wget: /scratch/unmirrored4/agong/blog_crawl_2012_01/logs/marioncontrarian.blogspot.com.log: Read-only file system
wget: /scratch/unmirrored4/agong/blog_crawl_2012_01/logs/www.lukegilman.com.log: Read-only file system
wget: /scratch/unmirrored4/agong/blog_crawl_2012_01/logs/edtalkinghoarse.blogspot.com.log: Read-only file system
wget: /scratch/unmirrored4/agong/blog_crawl_2012_01/logs/informedcitizens.wordpress.com.log: Read-only file system
wget: /scratch/unmirrored4/agong/blog_crawl_2012_01/logs/griffinia.blogspot.com.log: Read-only file system
wget: /scratch/unmirrored4/agong/blog_crawl_2012_01/logs/rauterkus.blogspot.com.log: Read-only file system
wget: /scratch/unmirrored4/agong/blog_crawl_2012_01/logs/www.rudistettner.com.log: Read-only file system
wget: /scratch/unmirrored4/agong/blog_crawl_2012_01/logs/pacw.blogspot.com.log: Read-only file system
wget: /scratch/unmirrored4/agong/blog_crawl_2012_01/logs/pogoprinciple.wordpress.com.log: Read-only file system
wget: /scratch/unmirrored4/agong/blog_crawl_2012_01/logs/practicalanarchy.wordpress.com.log: Read-only file system
wget: /scratch/unmirrored4/agong/blog_crawl_2012_01/logs/spinsterpov.blogspot.com.log: Read-only file system
wget: /scratch/unmirrored4/agong/blog_crawl_2012_01/logs/stuartbramhall.aegauthorblogs.com.log: Read-only file system
wget: /scratch/unmirrored4/agong/blog_crawl_2012_01/logs/dawnpaley.files.wordpress.com.log: Read-only file system
wget: /scratch/unmirrored4/agong/blog_crawl_2012_01/logs/www.kondratieffwavecycle.com.log: Read-only file system
wget: /scratch/unmirrored4/agong/blog_crawl_2012_01/logs/www.other-net.info.log: Read-only file system
wget: /scratch/unmirrored4/agong/blog_crawl_2012_01/logs/www.chroniclesmagazine.org.log: Read-only file system
wget: /scratch/unmirrored4/agong/blog_crawl_2012_01/logs/www.quattozone.com.log: Read-only file system
wget: /scratch/unmirrored4/agong/blog_crawl_2012_01/logs/www.joshualandis.com.log: Read-only file system
wget: /scratch/unmirrored4/agong/blog_crawl_2012_01/logs/protestpetitiongreensboro.blogspot.com.log: Read-only file system
wget: /scratch/unmirrored4/agong/blog_crawl_2012_01/logs/missdennisqueen.livejournal.com.log: Read-only file system
wget: /scratch/unmirrored4/agong/blog_crawl_2012_01/logs/www.afscmegreenline.org.log: Read-only file system
wget: /scratch/unmirrored4/agong/blog_crawl_2012_01/logs/www.damianpenny.com.log: Read-only file system
wget: /scratch/unmirrored4/agong/blog_crawl_2012_01/logs/www.timdavies.org.uk.log: Read-only file system
wget: /scratch/unmirrored4/agong/blog_crawl_2012_01/logs/fourdogmom.blogspot.com.log: Read-only file system
wget: /scratch/unmirrored4/agong/blog_crawl_2012_01/logs/www.teleprompterpresident.com.log: Read-only file system
wget: /scratch/unmirrored4/agong/blog_crawl_2012_01/logs/www.inthepinktexas.com.log: Read-only file system
wget: /scratch/unmirrored4/agong/blog_crawl_2012_01/logs/tennwatch.com.log: Read-only file system
wget: /scratch/unmirrored4/agong/blog_crawl_2012_01/logs/jasonbourne.mycouncillor.org.uk.log: Read-only file system
wget: /scratch/unmirrored4/agong/blog_crawl_2012_01/logs/man-of-truth.blogspot.com.log: Read-only file system
wget: /scratch/unmirrored4/agong/blog_crawl_2012_01/logs/rchouston.newsvine.com.log: Read-only file system
wget: /scratch/unmirrored4/agong/blog_crawl_2012_01/logs/jobin.new.newsvine.com.log: Read-only file system
wget: /scratch/unmirrored4/agong/blog_crawl_2012_01/logs/oregontaxnews.com.log: Read-only file system
wget: /scratch/unmirrored4/agong/blog_crawl_2012_01/logs/416.log: Read-only file system
wget: /scratch/unmirrored4/agong/blog_crawl_2012_01/logs/sweetteaandlivermush.blogspot.com.log: Read-only file system
wget: /scratch/unmirrored4/agong/blog_crawl_2012_01/logs/lethal-injection-florida.blogspot.com.log: Read-only file system
wget: /scratch/unmirrored4/agong/blog_crawl_2012_01/logs/www.visualizingeconomics.com.log: Read-only file system
wget: /scratch/unmirrored4/agong/blog_crawl_2012_01/logs/patrickkeefe.wordpress.com.log: Read-only file system
wget: /scratch/unmirrored4/agong/blog_crawl_2012_01/logs/www.anniemachon.com.log: Read-only file system
wget: /scratch/unmirrored4/agong/blog_crawl_2012_01/logs/allthatnatters.com.log: Read-only file system
wget: /scratch/unmirrored4/agong/blog_crawl_2012_01/logs/www.jackzen.com.log: Read-only file system
wget: /scratch/unmirrored4/agong/blog_crawl_2012_01/logs/stevesuranovic.blogspot.com.log: Read-only file system
wget: /scratch/unmirrored4/agong/blog_crawl_2012_01/logs/www.progresspolitics.com.log: Read-only file system
wget: /scratch/unmirrored4/agong/blog_crawl_2012_01/logs/dneiwert.blogspot.com.log: Read-only file system
wget: /scratch/unmirrored4/agong/blog_crawl_2012_01/logs/mojosteve.blogspot.com.log: Read-only file system
wget: /scratch/unmirrored4/agong/blog_crawl_2012_01/logs/libertymaven.com.log: Read-only file system
wget: /scratch/unmirrored4/agong/blog_crawl_2012_01/logs/blogoland.blogspot.com.log: Read-only file system
wget: /scratch/unmirrored4/agong/blog_crawl_2012_01/logs/garnetspy.com.log: Read-only file system
wget: /scratch/unmirrored4/agong/blog_crawl_2012_01/logs/www.mybudget360.com.log: Read-only file system
wget: /scratch/unmirrored4/agong/blog_crawl_2012_01/logs/xymphora.blogspot.com.log: Read-only file system
wget: /scratch/unmirrored4/agong/blog_crawl_2012_01/logs/benno.newsvine.com.log: Read-only file system
wget: /scratch/unmirrored4/agong/blog_crawl_2012_01/logs/realdebatewisconsin.blogspot.com.log: Read-only file system
wget: /scratch/unmirrored4/agong/blog_crawl_2012_01/logs/njgunpermitattorney.com.log: Read-only file system
wget: /scratch/unmirrored4/agong/blog_crawl_2012_01/logs/www.teapartypatriots.com.log: Read-only file system
wget: /scratch/unmirrored4/agong/blog_crawl_2012_01/logs/scienceandreligiontoday.blogspot.com.log: Read-only file system
wget: /scratch/unmirrored4/agong/blog_crawl_2012_01/logs/leannewaldal.com.log: Read-only file system
wget: /scratch/unmirrored4/agong/blog_crawl_2012_01/logs/www.geoffrobinson.info.log: Read-only file system
wget: /scratch/unmirrored4/agong/blog_crawl_2012_01/logs/www.hedgehogreport.com.log: Read-only file system
wget: /scratch/unmirrored4/agong/blog_crawl_2012_01/logs/www.cato-unbound.org.log: Read-only file system
wget: /scratch/unmirrored4/agong/blog_crawl_2012_01/logs/catawissagazetteer.blogspot.com.log: Read-only file system
wget: /scratch/unmirrored4/agong/blog_crawl_2012_01/logs/norlablog.wordpress.com.log: Read-only file system
wget: /scratch/unmirrored4/agong/blog_crawl_2012_01/logs/armsandthelaw.com.log: Read-only file system
wget: /scratch/unmirrored4/agong/blog_crawl_2012_01/logs/ocprogressive.com.log: Read-only file system
wget: /scratch/unmirrored4/agong/blog_crawl_2012_01/logs/aroundotown.blogspot.com.log: Read-only file system
